<?xml version="1.0" encoding="UTF-8"?>
<!-- Generated by org.testng.reporters.JUnitXMLReporter -->
<testsuite hostname="DESKTOP-S49HO28" ignored="0" name="Default test" tests="5" failures="0" timestamp="07 Oct 2022 07:55:39 GMT" time="28.183" errors="0">
  <testcase name="searchProduct" time="6.846" classname="loginTest.AmazonTest"/>
  <testcase name="selectproductfromlist" time="6.153" classname="loginTest.AmazonTest"/>
  <testcase name="setitemtocart" time="0.072" classname="loginTest.AmazonTest"/>
  <testcase name="verifyshoppingcarttime" time="6.252" classname="loginTest.AmazonTest"/>
  <testcase name="checkoutfunction" time="2.072" classname="loginTest.AmazonTest"/>
</testsuite> <!-- Default test -->
