<?xml version="1.0" encoding="UTF-8"?>
<!-- Generated by org.testng.reporters.JUnitXMLReporter -->
<testsuite hostname="DESKTOP-S49HO28" ignored="0" name="Test" tests="5" failures="0" timestamp="07 Oct 2022 10:57:20 GMT" time="28.127" errors="0">
  <testcase name="searchProduct" time="7.125" classname="loginTest.AmazonTest"/>
  <testcase name="selectproductfromlist" time="5.977" classname="loginTest.AmazonTest"/>
  <testcase name="setitemtocart" time="0.091" classname="loginTest.AmazonTest"/>
  <testcase name="verifyshoppingcarttime" time="6.214" classname="loginTest.AmazonTest"/>
  <testcase name="checkoutfunction" time="2.077" classname="loginTest.AmazonTest"/>
</testsuite> <!-- Test -->
